<?xml version="1.0" encoding="UTF-8"?>
<testsuite xmlns:xsi="http://www.w3.org/2001/XMLSchema-instance" xsi:noNamespaceSchemaLocation="https://maven.apache.org/surefire/maven-surefire-plugin/xsd/surefire-test-report.xsd" name="com.stellar.burgers.test.OrderTest" time="13.729" tests="4" errors="0" skipped="0" failures="0">
  <properties>
[...]
</properties>
  <testcase name="createOrderTest[0: авторизация=true, статус 200]" classname="com.stellar.burgers.test.OrderTest" time="6.663"/>
  <testcase name="createOrderTest[1: авторизация=false, статус 200]" classname="com.stellar.burgers.test.OrderTest" time="0.668"/>
  <testcase name="createOrderTest[2: авторизация=true, статус 400]" classname="com.stellar.burgers.test.OrderTest" time="3.143"/>
  <testcase name="createOrderTest[3: авторизация=true, статус 500]" classname="com.stellar.burgers.test.OrderTest" time="3.244"/>
</testsuite>